  main.cpp
C:\Users\rishi.jain1\source\repos\Project4\Project4\premium.h(19,8): warning C4101: 'monthlyp': unreferenced local variable
C:\Users\rishi.jain1\source\repos\Project4\Project4\premium.h(20,8): warning C4101: 'taxp': unreferenced local variable
C:\Users\rishi.jain1\source\repos\Project4\Project4\premium.h(119,16): warning C4244: '=': conversion from 'float' to 'int', possible loss of data
C:\Users\rishi.jain1\source\repos\Project4\Project4\premium.h(122,10): warning C4244: 'return': conversion from 'int' to 'float', possible loss of data
C:\Users\rishi.jain1\source\repos\Project4\Project4\premium.h(136,34): warning C4244: '=': conversion from 'double' to 'float', possible loss of data
C:\Users\rishi.jain1\source\repos\Project4\Project4\premium.h(144,17): warning C4244: '=': conversion from 'double' to 'float', possible loss of data
C:\Users\rishi.jain1\source\repos\Project4\Project4\premium.h(84,18): warning C4101: 'result': unreferenced local variable
C:\Users\rishi.jain1\source\repos\Project4\Project4\premium.h(82,26): warning C4101: 'pstmt': unreferenced local variable
C:\Users\rishi.jain1\source\repos\Project4\Project4\Policy.h(125,20): warning C4244: '=': conversion from 'float' to 'int', possible loss of data
C:\Users\rishi.jain1\source\repos\Project4\Project4\Policy.h(129,20): warning C4244: 'argument': conversion from 'int' to 'float', possible loss of data
C:\Users\rishi.jain1\source\repos\Project4\Project4\Policy.h(129,19): warning C4244: '=': conversion from 'float' to 'int', possible loss of data
C:\Users\rishi.jain1\source\repos\Project4\Project4\Policy.h(170,19): warning C4101: 'stmt': unreferenced local variable
     Creating library C:\Users\rishi.jain1\source\repos\Project4\x64\Release\Project4.lib and object C:\Users\rishi.jain1\source\repos\Project4\x64\Release\Project4.exp
  Generating code
  2 of 204 functions ( 1.0%) were compiled, the rest were copied from previous compilation.
    0 functions were new in current compilation
    2 functions had inline decision re-evaluated but remain unchanged
  Finished generating code
mysqlcppconn-static.lib(mysql_driver.obj) : warning LNK4099: PDB '' was not found with 'mysqlcppconn-static.lib(mysql_driver.obj)' or at ''; linking object as if no debug info
mysqlcppconn-static.lib(mysql_connection.obj) : warning LNK4099: PDB '' was not found with 'mysqlcppconn-static.lib(mysql_connection.obj)' or at ''; linking object as if no debug info
mysqlcppconn-static.lib(mysql_native_driver_wrapper.obj) : warning LNK4099: PDB '' was not found with 'mysqlcppconn-static.lib(mysql_native_driver_wrapper.obj)' or at ''; linking object as if no debug info
mysqlcppconn-static.lib(mysql_uri.obj) : warning LNK4099: PDB '' was not found with 'mysqlcppconn-static.lib(mysql_uri.obj)' or at ''; linking object as if no debug info
mysqlcppconn-static.lib(mysql_metadata.obj) : warning LNK4099: PDB '' was not found with 'mysqlcppconn-static.lib(mysql_metadata.obj)' or at ''; linking object as if no debug info
mysqlcppconn-static.lib(mysql_warning.obj) : warning LNK4099: PDB '' was not found with 'mysqlcppconn-static.lib(mysql_warning.obj)' or at ''; linking object as if no debug info
mysqlcppconn-static.lib(mysql_prepared_statement.obj) : warning LNK4099: PDB '' was not found with 'mysqlcppconn-static.lib(mysql_prepared_statement.obj)' or at ''; linking object as if no debug info
mysqlcppconn-static.lib(mysql_statement.obj) : warning LNK4099: PDB '' was not found with 'mysqlcppconn-static.lib(mysql_statement.obj)' or at ''; linking object as if no debug info
mysqlcppconn-static.lib(mysql_debug.obj) : warning LNK4099: PDB '' was not found with 'mysqlcppconn-static.lib(mysql_debug.obj)' or at ''; linking object as if no debug info
mysqlcppconn-static.lib(mysql_client_api.obj) : warning LNK4099: PDB '' was not found with 'mysqlcppconn-static.lib(mysql_client_api.obj)' or at ''; linking object as if no debug info
mysqlcppconn-static.lib(mysql_native_connection_wrapper.obj) : warning LNK4099: PDB '' was not found with 'mysqlcppconn-static.lib(mysql_native_connection_wrapper.obj)' or at ''; linking object as if no debug info
mysqlcppconn-static.lib(mysql_util.obj) : warning LNK4099: PDB '' was not found with 'mysqlcppconn-static.lib(mysql_util.obj)' or at ''; linking object as if no debug info
mysqlcppconn-static.lib(mysql_art_resultset.obj) : warning LNK4099: PDB '' was not found with 'mysqlcppconn-static.lib(mysql_art_resultset.obj)' or at ''; linking object as if no debug info
mysqlcppconn-static.lib(mysql_resultbind.obj) : warning LNK4099: PDB '' was not found with 'mysqlcppconn-static.lib(mysql_resultbind.obj)' or at ''; linking object as if no debug info
mysqlcppconn-static.lib(mysql_ps_resultset.obj) : warning LNK4099: PDB '' was not found with 'mysqlcppconn-static.lib(mysql_ps_resultset.obj)' or at ''; linking object as if no debug info
mysqlcppconn-static.lib(mysql_ps_resultset_metadata.obj) : warning LNK4099: PDB '' was not found with 'mysqlcppconn-static.lib(mysql_ps_resultset_metadata.obj)' or at ''; linking object as if no debug info
mysqlcppconn-static.lib(mysql_parameter_metadata.obj) : warning LNK4099: PDB '' was not found with 'mysqlcppconn-static.lib(mysql_parameter_metadata.obj)' or at ''; linking object as if no debug info
mysqlcppconn-static.lib(mysql_resultset.obj) : warning LNK4099: PDB '' was not found with 'mysqlcppconn-static.lib(mysql_resultset.obj)' or at ''; linking object as if no debug info
mysqlcppconn-static.lib(mysql_native_resultset_wrapper.obj) : warning LNK4099: PDB '' was not found with 'mysqlcppconn-static.lib(mysql_native_resultset_wrapper.obj)' or at ''; linking object as if no debug info
mysqlcppconn-static.lib(mysql_native_statement_wrapper.obj) : warning LNK4099: PDB '' was not found with 'mysqlcppconn-static.lib(mysql_native_statement_wrapper.obj)' or at ''; linking object as if no debug info
mysqlcppconn-static.lib(mysql_art_rset_metadata.obj) : warning LNK4099: PDB '' was not found with 'mysqlcppconn-static.lib(mysql_art_rset_metadata.obj)' or at ''; linking object as if no debug info
mysqlcppconn-static.lib(mysql_resultset_metadata.obj) : warning LNK4099: PDB '' was not found with 'mysqlcppconn-static.lib(mysql_resultset_metadata.obj)' or at ''; linking object as if no debug info
  Project4.vcxproj -> C:\Users\rishi.jain1\source\repos\Project4\x64\Release\Project4.exe
